{"meta": {"format": 3, "version": "7.13.4", "timestamp": "2026-03-03T15:58:33.116897", "branch_coverage": false, "show_contexts": false}, "files": {"copilot_core/cache/__init__.py": {"executed_lines": [6, 7, 9], "summary": {"covered_lines": 3, "num_statements": 3, "percent_covered": 100.0, "percent_covered_display": "100", "missing_lines": 0, "excluded_lines": 0, "percent_statements_covered": 100.0, "percent_statements_covered_display": "100"}, "missing_lines": [], "excluded_lines": [], "functions": {"": {"executed_lines": [6, 7, 9], "summary": {"covered_lines": 3, "num_statements": 3, "percent_covered": 100.0, "percent_covered_display": "100", "missing_lines": 0, "excluded_lines": 0, "percent_statements_covered": 100.0, "percent_statements_covered_display": "100"}, "missing_lines": [], "excluded_lines": [], "start_line": 1}}, "classes": {"": {"executed_lines": [6, 7, 9], "summary": {"covered_lines": 3, "num_statements": 3, "percent_covered": 100.0, "percent_covered_display": "100", "missing_lines": 0, "excluded_lines": 0, "percent_statements_covered": 100.0, "percent_statements_covered_display": "100"}, "missing_lines": [], "excluded_lines": [], "start_line": 1}}}, "copilot_core/cache/api_cache.py": {"executed_lines": [6, 8, 9, 10, 11, 12, 13, 14, 16, 18, 21, 24, 25, 26, 27, 29, 31, 32, 34, 36, 37, 39, 41, 42, 43, 44, 51, 53, 54, 55, 58, 68, 69, 70, 72, 73, 74, 75, 77, 79, 80, 81, 82, 83, 85, 87, 88, 89, 90, 91, 95, 96, 98, 105, 106, 111, 113, 120, 121, 122, 123, 125, 126, 128, 129, 131, 132, 134, 136, 137, 138, 139, 140, 142, 144, 145, 146, 147, 149, 151, 153, 162, 166, 168, 179, 185, 186, 188, 190, 191, 193, 195, 196, 198, 200, 201, 203, 205, 207, 209, 211, 213, 215, 217, 221, 224, 227, 228, 229, 232, 244, 245, 246, 247, 248, 250, 251, 252, 254, 255, 256, 258, 259, 262, 289], "summary": {"covered_lines": 125, "num_statements": 166, "percent_covered": 75.3012048192771, "percent_covered_display": "75", "missing_lines": 41, "excluded_lines": 1, "percent_statements_covered": 75.3012048192771, "percent_statements_covered_display": "75"}, "missing_lines": [92, 93, 107, 108, 109, 155, 156, 157, 164, 169, 170, 171, 173, 174, 175, 268, 270, 272, 273, 274, 275, 277, 279, 282, 283, 284, 286, 300, 303, 306, 309, 310, 311, 312, 313, 314, 317, 318, 319, 320, 322], "excluded_lines": [233], "functions": {"CacheMetrics.__init__": {"executed_lines": [25, 26, 27], "summary": {"covered_lines": 3, "num_statements": 3, "percent_covered": 100.0, "percent_covered_display": "100", "missing_lines": 0, "excluded_lines": 0, "percent_statements_covered": 100.0, "percent_statements_covered_display": "100"}, "missing_lines": [], "excluded_lines": [], "start_line": 24}, "CacheMetrics.record_hit": {"executed_lines": [31, 32], "summary": {"covered_lines": 2, "num_statements": 2, "percent_covered": 100.0, "percent_covered_display": "100", "missing_lines": 0, "excluded_lines": 0, "percent_statements_covered": 100.0, "percent_statements_covered_display": "100"}, "missing_lines": [], "excluded_lines": [], "start_line": 29}, "CacheMetrics.record_miss": {"executed_lines": [36, 37], "summary": {"covered_lines": 2, "num_statements": 2, "percent_covered": 100.0, "percent_covered_display": "100", "missing_lines": 0, "excluded_lines": 0, "percent_statements_covered": 100.0, "percent_statements_covered_display": "100"}, "missing_lines": [], "excluded_lines": [], "start_line": 34}, "CacheMetrics.get_stats": {"executed_lines": [41, 42, 43, 44], "summary": {"covered_lines": 4, "num_statements": 4, "percent_covered": 100.0, "percent_covered_display": "100", "missing_lines": 0, "excluded_lines": 0, "percent_statements_covered": 100.0, "percent_statements_covered_display": "100"}, "missing_lines": [], "excluded_lines": [], "start_line": 39}, "CacheMetrics.reset": {"executed_lines": [53, 54, 55], "summary": {"covered_lines": 3, "num_statements": 3, "percent_covered": 100.0, "percent_covered_display": "100", "missing_lines": 0, "excluded_lines": 0, "percent_statements_covered": 100.0, "percent_statements_covered_display": "100"}, "missing_lines": [], "excluded_lines": [], "start_line": 51}, "APICache.__init__": {"executed_lines": [73, 74, 75], "summary": {"covered_lines": 3, "num_statements": 3, "percent_covered": 100.0, "percent_covered_display": "100", "missing_lines": 0, "excluded_lines": 0, "percent_statements_covered": 100.0, "percent_statements_covered_display": "100"}, "missing_lines": [], "excluded_lines": [], "start_line": 72}, "APICache._make_key": {"executed_lines": [79, 80, 81, 82, 83], "summary": {"covered_lines": 5, "num_statements": 5, "percent_covered": 100.0, "percent_covered_display": "100", "missing_lines": 0, "excluded_lines": 0, "percent_statements_covered": 100.0, "percent_statements_covered_display": "100"}, "missing_lines": [], "excluded_lines": [], "start_line": 77}, "APICache.get": {"executed_lines": [87, 88, 89, 90, 91, 95, 96], "summary": {"covered_lines": 7, "num_statements": 9, "percent_covered": 77.77777777777777, "percent_covered_display": "78", "missing_lines": 2, "excluded_lines": 0, "percent_statements_covered": 77.77777777777777, "percent_statements_covered_display": "78"}, "missing_lines": [92, 93], "excluded_lines": [], "start_line": 85}, "APICache.set": {"executed_lines": [105, 106, 111], "summary": {"covered_lines": 3, "num_statements": 6, "percent_covered": 50.0, "percent_covered_display": "50", "missing_lines": 3, "excluded_lines": 0, "percent_statements_covered": 50.0, "percent_statements_covered_display": "50"}, "missing_lines": [107, 108, 109], "excluded_lines": [], "start_line": 98}, "APICache.get_or_set": {"executed_lines": [120, 121, 122, 123, 125, 126, 128, 129, 131, 132], "summary": {"covered_lines": 10, "num_statements": 10, "percent_covered": 100.0, "percent_covered_display": "100", "missing_lines": 0, "excluded_lines": 0, "percent_statements_covered": 100.0, "percent_statements_covered_display": "100"}, "missing_lines": [], "excluded_lines": [], "start_line": 113}, "APICache.invalidate": {"executed_lines": [136, 137, 138, 139, 140], "summary": {"covered_lines": 5, "num_statements": 5, "percent_covered": 100.0, "percent_covered_display": "100", "missing_lines": 0, "excluded_lines": 0, "percent_statements_covered": 100.0, "percent_statements_covered_display": "100"}, "missing_lines": [], "excluded_lines": [], "start_line": 134}, "APICache.invalidate_pattern": {"executed_lines": [144, 145, 146, 147], "summary": {"covered_lines": 4, "num_statements": 4, "percent_covered": 100.0, "percent_covered_display": "100", "missing_lines": 0, "excluded_lines": 0, "percent_statements_covered": 100.0, "percent_statements_covered_display": "100"}, "missing_lines": [], "excluded_lines": [], "start_line": 142}, "APICache.invalidate_all": {"executed_lines": [151], "summary": {"covered_lines": 1, "num_statements": 1, "percent_covered": 100.0, "percent_covered_display": "100", "missing_lines": 0, "excluded_lines": 0, "percent_statements_covered": 100.0, "percent_statements_covered_display": "100"}, "missing_lines": [], "excluded_lines": [], "start_line": 149}, "APICache.get_stats": {"executed_lines": [], "summary": {"covered_lines": 0, "num_statements": 3, "percent_covered": 0.0, "percent_covered_display": "0", "missing_lines": 3, "excluded_lines": 0, "percent_statements_covered": 0.0, "percent_statements_covered_display": "0"}, "missing_lines": [155, 156, 157], "excluded_lines": [], "start_line": 153}, "APICache.register_invalidation_listener": {"executed_lines": [], "summary": {"covered_lines": 0, "num_statements": 1, "percent_covered": 0.0, "percent_covered_display": "0", "missing_lines": 1, "excluded_lines": 0, "percent_statements_covered": 0.0, "percent_statements_covered_display": "0"}, "missing_lines": [164], "excluded_lines": [], "start_line": 162}, "APICache._notify_invalidation": {"executed_lines": [168], "summary": {"covered_lines": 1, "num_statements": 7, "percent_covered": 14.285714285714286, "percent_covered_display": "14", "missing_lines": 6, "excluded_lines": 0, "percent_statements_covered": 14.285714285714286, "percent_statements_covered_display": "14"}, "missing_lines": [169, 170, 171, 173, 174, 175], "excluded_lines": [], "start_line": 166}, "APICache.cache_entity_data": {"executed_lines": [185, 186], "summary": {"covered_lines": 2, "num_statements": 2, "percent_covered": 100.0, "percent_covered_display": "100", "missing_lines": 0, "excluded_lines": 0, "percent_statements_covered": 100.0, "percent_statements_covered_display": "100"}, "missing_lines": [], "excluded_lines": [], "start_line": 179}, "APICache.get_entity_data": {"executed_lines": [190, 191], "summary": {"covered_lines": 2, "num_statements": 2, "percent_covered": 100.0, "percent_covered_display": "100", "missing_lines": 0, "excluded_lines": 0, "percent_statements_covered": 100.0, "percent_statements_covered_display": "100"}, "missing_lines": [], "excluded_lines": [], "start_line": 188}, "APICache.cache_state": {"executed_lines": [195, 196], "summary": {"covered_lines": 2, "num_statements": 2, "percent_covered": 100.0, "percent_covered_display": "100", "missing_lines": 0, "excluded_lines": 0, "percent_statements_covered": 100.0, "percent_statements_covered_display": "100"}, "missing_lines": [], "excluded_lines": [], "start_line": 193}, "APICache.get_state": {"executed_lines": [200, 201], "summary": {"covered_lines": 2, "num_statements": 2, "percent_covered": 100.0, "percent_covered_display": "100", "missing_lines": 0, "excluded_lines": 0, "percent_statements_covered": 100.0, "percent_statements_covered_display": "100"}, "missing_lines": [], "excluded_lines": [], "start_line": 198}, "APICache.invalidate_entity": {"executed_lines": [205], "summary": {"covered_lines": 1, "num_statements": 1, "percent_covered": 100.0, "percent_covered_display": "100", "missing_lines": 0, "excluded_lines": 0, "percent_statements_covered": 100.0, "percent_statements_covered_display": "100"}, "missing_lines": [], "excluded_lines": [], "start_line": 203}, "APICache.invalidate_state": {"executed_lines": [209], "summary": {"covered_lines": 1, "num_statements": 1, "percent_covered": 100.0, "percent_covered_display": "100", "missing_lines": 0, "excluded_lines": 0, "percent_statements_covered": 100.0, "percent_statements_covered_display": "100"}, "missing_lines": [], "excluded_lines": [], "start_line": 207}, "APICache.invalidate_entities": {"executed_lines": [213], "summary": {"covered_lines": 1, "num_statements": 1, "percent_covered": 100.0, "percent_covered_display": "100", "missing_lines": 0, "excluded_lines": 0, "percent_statements_covered": 100.0, "percent_statements_covered_display": "100"}, "missing_lines": [], "excluded_lines": [], "start_line": 211}, "APICache.invalidate_states": {"executed_lines": [217], "summary": {"covered_lines": 1, "num_statements": 1, "percent_covered": 100.0, "percent_covered_display": "100", "missing_lines": 0, "excluded_lines": 0, "percent_statements_covered": 100.0, "percent_statements_covered_display": "100"}, "missing_lines": [], "excluded_lines": [], "start_line": 215}, "get_api_cache": {"executed_lines": [227, 228, 229], "summary": {"covered_lines": 3, "num_statements": 3, "percent_covered": 100.0, "percent_covered_display": "100", "missing_lines": 0, "excluded_lines": 0, "percent_statements_covered": 100.0, "percent_statements_covered_display": "100"}, "missing_lines": [], "excluded_lines": [], "start_line": 224}, "cached": {"executed_lines": [244, 245, 259], "summary": {"covered_lines": 3, "num_statements": 3, "percent_covered": 100.0, "percent_covered_display": "100", "missing_lines": 0, "excluded_lines": 1, "percent_statements_covered": 100.0, "percent_statements_covered_display": "100"}, "missing_lines": [], "excluded_lines": [233], "start_line": 232}, "cached.decorator": {"executed_lines": [246, 258], "summary": {"covered_lines": 2, "num_statements": 2, "percent_covered": 100.0, "percent_covered_display": "100", "missing_lines": 0, "excluded_lines": 0, "percent_statements_covered": 100.0, "percent_statements_covered_display": "100"}, "missing_lines": [], "excluded_lines": [], "start_line": 244}, "cached.decorator.wrapper": {"executed_lines": [247, 248, 250, 251, 252, 254, 255, 256], "summary": {"covered_lines": 8, "num_statements": 8, "percent_covered": 100.0, "percent_covered_display": "100", "missing_lines": 0, "excluded_lines": 0, "percent_statements_covered": 100.0, "percent_statements_covered_display": "100"}, "missing_lines": [], "excluded_lines": [], "start_line": 246}, "setup_cache_invalidation": {"executed_lines": [], "summary": {"covered_lines": 0, "num_statements": 7, "percent_covered": 0.0, "percent_covered_display": "0", "missing_lines": 7, "excluded_lines": 0, "percent_statements_covered": 0.0, "percent_statements_covered_display": "0"}, "missing_lines": [268, 270, 277, 282, 283, 284, 286], "excluded_lines": [], "start_line": 262}, "setup_cache_invalidation.on_state_changed": {"executed_lines": [], "summary": {"covered_lines": 0, "num_statements": 4, "percent_covered": 0.0, "percent_covered_display": "0", "missing_lines": 4, "excluded_lines": 0, "percent_statements_covered": 0.0, "percent_statements_covered_display": "0"}, "missing_lines": [272, 273, 274, 275], "excluded_lines": [], "start_line": 270}, "setup_cache_invalidation.on_entity_added": {"executed_lines": [], "summary": {"covered_lines": 0, "num_statements": 1, "percent_covered": 0.0, "percent_covered_display": "0", "missing_lines": 1, "excluded_lines": 0, "percent_statements_covered": 0.0, "percent_statements_covered_display": "0"}, "missing_lines": [279], "excluded_lines": [], "start_line": 277}, "get_cache_stats": {"executed_lines": [], "summary": {"covered_lines": 0, "num_statements": 14, "percent_covered": 0.0, "percent_covered_display": "0", "missing_lines": 14, "excluded_lines": 0, "percent_statements_covered": 0.0, "percent_statements_covered_display": "0"}, "missing_lines": [300, 303, 306, 309, 310, 311, 312, 313, 314, 317, 318, 319, 320, 322], "excluded_lines": [], "start_line": 289}, "": {"executed_lines": [6, 8, 9, 10, 11, 12, 13, 14, 16, 18, 21, 24, 29, 34, 39, 51, 58, 68, 69, 70, 72, 77, 85, 98, 113, 134, 142, 149, 153, 162, 166, 179, 188, 193, 198, 203, 207, 211, 215, 221, 224, 232, 262, 289], "summary": {"covered_lines": 44, "num_statements": 44, "percent_covered": 100.0, "percent_covered_display": "100", "missing_lines": 0, "excluded_lines": 0, "percent_statements_covered": 100.0, "percent_statements_covered_display": "100"}, "missing_lines": [], "excluded_lines": [], "start_line": 1}}, "classes": {"CacheMetrics": {"executed_lines": [25, 26, 27, 31, 32, 36, 37, 41, 42, 43, 44, 53, 54, 55], "summary": {"covered_lines": 14, "num_statements": 14, "percent_covered": 100.0, "percent_covered_display": "100", "missing_lines": 0, "excluded_lines": 0, "percent_statements_covered": 100.0, "percent_statements_covered_display": "100"}, "missing_lines": [], "excluded_lines": [], "start_line": 21}, "APICache": {"executed_lines": [73, 74, 75, 79, 80, 81, 82, 83, 87, 88, 89, 90, 91, 95, 96, 105, 106, 111, 120, 121, 122, 123, 125, 126, 128, 129, 131, 132, 136, 137, 138, 139, 140, 144, 145, 146, 147, 151, 168, 185, 186, 190, 191, 195, 196, 200, 201, 205, 209, 213, 217], "summary": {"covered_lines": 51, "num_statements": 66, "percent_covered": 77.27272727272727, "percent_covered_display": "77", "missing_lines": 15, "excluded_lines": 0, "percent_statements_covered": 77.27272727272727, "percent_statements_covered_display": "77"}, "missing_lines": [92, 93, 107, 108, 109, 155, 156, 157, 164, 169, 170, 171, 173, 174, 175], "excluded_lines": [], "start_line": 58}, "": {"executed_lines": [6, 8, 9, 10, 11, 12, 13, 14, 16, 18, 21, 24, 29, 34, 39, 51, 58, 68, 69, 70, 72, 77, 85, 98, 113, 134, 142, 149, 153, 162, 166, 179, 188, 193, 198, 203, 207, 211, 215, 221, 224, 227, 228, 229, 232, 244, 245, 246, 247, 248, 250, 251, 252, 254, 255, 256, 258, 259, 262, 289], "summary": {"covered_lines": 60, "num_statements": 86, "percent_covered": 69.76744186046511, "percent_covered_display": "70", "missing_lines": 26, "excluded_lines": 1, "percent_statements_covered": 69.76744186046511, "percent_statements_covered_display": "70"}, "missing_lines": [268, 270, 272, 273, 274, 275, 277, 279, 282, 283, 284, 286, 300, 303, 306, 309, 310, 311, 312, 313, 314, 317, 318, 319, 320, 322], "excluded_lines": [233], "start_line": 1}}}, "copilot_core/cache/redis_client.py": {"executed_lines": [6, 8, 9, 10, 11, 13, 15, 16, 18, 19, 20, 23, 26, 27, 28, 29, 31, 33, 34, 35, 36, 37, 38, 39, 41, 43, 44, 45, 46, 47, 49, 51, 52, 53, 54, 55, 56, 58, 60, 61, 62, 63, 64, 65, 66, 67, 69, 71, 72, 73, 74, 75, 77, 79, 80, 81, 82, 84, 86, 89, 99, 100, 102, 110, 111, 112, 113, 114, 115, 116, 117, 118, 120, 122, 124, 126, 127, 128, 129, 148, 150, 155, 156, 158, 160, 162, 169, 171, 173, 174, 176, 177, 178, 185, 192, 193, 195, 196, 197, 207, 221, 238, 254, 264, 266, 275, 278, 281, 282, 283, 286], "summary": {"covered_lines": 111, "num_statements": 183, "percent_covered": 60.65573770491803, "percent_covered_display": "61", "missing_lines": 72, "excluded_lines": 0, "percent_statements_covered": 60.65573770491803, "percent_statements_covered_display": "61"}, "missing_lines": [17, 131, 132, 139, 140, 141, 142, 143, 144, 145, 146, 151, 152, 153, 163, 164, 165, 166, 167, 168, 180, 181, 182, 183, 199, 200, 202, 203, 204, 205, 209, 210, 212, 213, 214, 216, 217, 218, 219, 223, 224, 226, 227, 228, 230, 231, 232, 233, 234, 235, 236, 240, 242, 243, 244, 246, 247, 248, 249, 250, 251, 252, 256, 257, 258, 259, 260, 261, 262, 293, 294, 295], "excluded_lines": [], "functions": {"InMemoryStore.__init__": {"executed_lines": [27, 28, 29], "summary": {"covered_lines": 3, "num_statements": 3, "percent_covered": 100.0, "percent_covered_display": "100", "missing_lines": 0, "excluded_lines": 0, "percent_statements_covered": 100.0, "percent_statements_covered_display": "100"}, "missing_lines": [], "excluded_lines": [], "start_line": 26}, "InMemoryStore.get": {"executed_lines": [33, 34, 35, 36, 37, 38, 39], "summary": {"covered_lines": 7, "num_statements": 7, "percent_covered": 100.0, "percent_covered_display": "100", "missing_lines": 0, "excluded_lines": 0, "percent_statements_covered": 100.0, "percent_statements_covered_display": "100"}, "missing_lines": [], "excluded_lines": [], "start_line": 31}, "InMemoryStore.set": {"executed_lines": [43, 44, 45, 46, 47], "summary": {"covered_lines": 5, "num_statements": 5, "percent_covered": 100.0, "percent_covered_display": "100", "missing_lines": 0, "excluded_lines": 0, "percent_statements_covered": 100.0, "percent_statements_covered_display": "100"}, "missing_lines": [], "excluded_lines": [], "start_line": 41}, "InMemoryStore.delete": {"executed_lines": [51, 52, 53, 54, 55, 56], "summary": {"covered_lines": 6, "num_statements": 6, "percent_covered": 100.0, "percent_covered_display": "100", "missing_lines": 0, "excluded_lines": 0, "percent_statements_covered": 100.0, "percent_statements_covered_display": "100"}, "missing_lines": [], "excluded_lines": [], "start_line": 49}, "InMemoryStore.delete_pattern": {"executed_lines": [60, 61, 62, 63, 64, 65, 66, 67], "summary": {"covered_lines": 8, "num_statements": 8, "percent_covered": 100.0, "percent_covered_display": "100", "missing_lines": 0, "excluded_lines": 0, "percent_statements_covered": 100.0, "percent_statements_covered_display": "100"}, "missing_lines": [], "excluded_lines": [], "start_line": 58}, "InMemoryStore.keys": {"executed_lines": [71, 72, 73, 74, 75], "summary": {"covered_lines": 5, "num_statements": 5, "percent_covered": 100.0, "percent_covered_display": "100", "missing_lines": 0, "excluded_lines": 0, "percent_statements_covered": 100.0, "percent_statements_covered_display": "100"}, "missing_lines": [], "excluded_lines": [], "start_line": 69}, "InMemoryStore.flush": {"executed_lines": [79, 80, 81, 82], "summary": {"covered_lines": 4, "num_statements": 4, "percent_covered": 100.0, "percent_covered_display": "100", "missing_lines": 0, "excluded_lines": 0, "percent_statements_covered": 100.0, "percent_statements_covered_display": "100"}, "missing_lines": [], "excluded_lines": [], "start_line": 77}, "InMemoryStore.ping": {"executed_lines": [86], "summary": {"covered_lines": 1, "num_statements": 1, "percent_covered": 100.0, "percent_covered_display": "100", "missing_lines": 0, "excluded_lines": 0, "percent_statements_covered": 100.0, "percent_statements_covered_display": "100"}, "missing_lines": [], "excluded_lines": [], "start_line": 84}, "RedisClient.__init__": {"executed_lines": [110, 111, 112, 113, 114, 115, 116, 117, 118], "summary": {"covered_lines": 9, "num_statements": 9, "percent_covered": 100.0, "percent_covered_display": "100", "missing_lines": 0, "excluded_lines": 0, "percent_statements_covered": 100.0, "percent_statements_covered_display": "100"}, "missing_lines": [], "excluded_lines": [], "start_line": 102}, "RedisClient._full_key": {"executed_lines": [122], "summary": {"covered_lines": 1, "num_statements": 1, "percent_covered": 100.0, "percent_covered_display": "100", "missing_lines": 0, "excluded_lines": 0, "percent_statements_covered": 100.0, "percent_statements_covered_display": "100"}, "missing_lines": [], "excluded_lines": [], "start_line": 120}, "RedisClient.connect": {"executed_lines": [126, 127, 128, 129], "summary": {"covered_lines": 4, "num_statements": 14, "percent_covered": 28.571428571428573, "percent_covered_display": "29", "missing_lines": 10, "excluded_lines": 0, "percent_statements_covered": 28.571428571428573, "percent_statements_covered_display": "29"}, "missing_lines": [131, 132, 139, 140, 141, 142, 143, 144, 145, 146], "excluded_lines": [], "start_line": 124}, "RedisClient.disconnect": {"executed_lines": [150], "summary": {"covered_lines": 1, "num_statements": 4, "percent_covered": 25.0, "percent_covered_display": "25", "missing_lines": 3, "excluded_lines": 0, "percent_statements_covered": 25.0, "percent_statements_covered_display": "25"}, "missing_lines": [151, 152, 153], "excluded_lines": [], "start_line": 148}, "RedisClient.is_connected": {"executed_lines": [158], "summary": {"covered_lines": 1, "num_statements": 1, "percent_covered": 100.0, "percent_covered_display": "100", "missing_lines": 0, "excluded_lines": 0, "percent_statements_covered": 100.0, "percent_statements_covered_display": "100"}, "missing_lines": [], "excluded_lines": [], "start_line": 156}, "RedisClient._get_store": {"executed_lines": [162, 169], "summary": {"covered_lines": 2, "num_statements": 8, "percent_covered": 25.0, "percent_covered_display": "25", "missing_lines": 6, "excluded_lines": 0, "percent_statements_covered": 25.0, "percent_statements_covered_display": "25"}, "missing_lines": [163, 164, 165, 166, 167, 168], "excluded_lines": [], "start_line": 160}, "RedisClient.get": {"executed_lines": [173, 174, 176, 177, 178], "summary": {"covered_lines": 5, "num_statements": 9, "percent_covered": 55.55555555555556, "percent_covered_display": "56", "missing_lines": 4, "excluded_lines": 0, "percent_statements_covered": 55.55555555555556, "percent_statements_covered_display": "56"}, "missing_lines": [180, 181, 182, 183], "excluded_lines": [], "start_line": 171}, "RedisClient.set": {"executed_lines": [192, 193, 195, 196, 197], "summary": {"covered_lines": 5, "num_statements": 11, "percent_covered": 45.45454545454545, "percent_covered_display": "45", "missing_lines": 6, "excluded_lines": 0, "percent_statements_covered": 45.45454545454545, "percent_statements_covered_display": "45"}, "missing_lines": [199, 200, 202, 203, 204, 205], "excluded_lines": [], "start_line": 185}, "RedisClient.delete": {"executed_lines": [], "summary": {"covered_lines": 0, "num_statements": 9, "percent_covered": 0.0, "percent_covered_display": "0", "missing_lines": 9, "excluded_lines": 0, "percent_statements_covered": 0.0, "percent_statements_covered_display": "0"}, "missing_lines": [209, 210, 212, 213, 214, 216, 217, 218, 219], "excluded_lines": [], "start_line": 207}, "RedisClient.delete_pattern": {"executed_lines": [], "summary": {"covered_lines": 0, "num_statements": 12, "percent_covered": 0.0, "percent_covered_display": "0", "missing_lines": 12, "excluded_lines": 0, "percent_statements_covered": 0.0, "percent_statements_covered_display": "0"}, "missing_lines": [223, 224, 226, 227, 228, 230, 231, 232, 233, 234, 235, 236], "excluded_lines": [], "start_line": 221}, "RedisClient.flush": {"executed_lines": [], "summary": {"covered_lines": 0, "num_statements": 11, "percent_covered": 0.0, "percent_covered_display": "0", "missing_lines": 11, "excluded_lines": 0, "percent_statements_covered": 0.0, "percent_statements_covered_display": "0"}, "missing_lines": [240, 242, 243, 244, 246, 247, 248, 249, 250, 251, 252], "excluded_lines": [], "start_line": 238}, "RedisClient.ping": {"executed_lines": [], "summary": {"covered_lines": 0, "num_statements": 7, "percent_covered": 0.0, "percent_covered_display": "0", "missing_lines": 7, "excluded_lines": 0, "percent_statements_covered": 0.0, "percent_statements_covered_display": "0"}, "missing_lines": [256, 257, 258, 259, 260, 261, 262], "excluded_lines": [], "start_line": 254}, "RedisClient.get_stats": {"executed_lines": [266], "summary": {"covered_lines": 1, "num_statements": 1, "percent_covered": 100.0, "percent_covered_display": "100", "missing_lines": 0, "excluded_lines": 0, "percent_statements_covered": 100.0, "percent_statements_covered_display": "100"}, "missing_lines": [], "excluded_lines": [], "start_line": 264}, "get_redis_client": {"executed_lines": [281, 282, 283], "summary": {"covered_lines": 3, "num_statements": 3, "percent_covered": 100.0, "percent_covered_display": "100", "missing_lines": 0, "excluded_lines": 0, "percent_statements_covered": 100.0, "percent_statements_covered_display": "100"}, "missing_lines": [], "excluded_lines": [], "start_line": 278}, "init_redis_client": {"executed_lines": [], "summary": {"covered_lines": 0, "num_statements": 3, "percent_covered": 0.0, "percent_covered_display": "0", "missing_lines": 3, "excluded_lines": 0, "percent_statements_covered": 0.0, "percent_statements_covered_display": "0"}, "missing_lines": [293, 294, 295], "excluded_lines": [], "start_line": 286}, "": {"executed_lines": [6, 8, 9, 10, 11, 13, 15, 16, 18, 19, 20, 23, 26, 31, 41, 49, 58, 69, 77, 84, 89, 99, 100, 102, 120, 124, 148, 155, 156, 160, 171, 185, 207, 221, 238, 254, 264, 275, 278, 286], "summary": {"covered_lines": 40, "num_statements": 41, "percent_covered": 97.5609756097561, "percent_covered_display": "98", "missing_lines": 1, "excluded_lines": 0, "percent_statements_covered": 97.5609756097561, "percent_statements_covered_display": "98"}, "missing_lines": [17], "excluded_lines": [], "start_line": 1}}, "classes": {"InMemoryStore": {"executed_lines": [27, 28, 29, 33, 34, 35, 36, 37, 38, 39, 43, 44, 45, 46, 47, 51, 52, 53, 54, 55, 56, 60, 61, 62, 63, 64, 65, 66, 67, 71, 72, 73, 74, 75, 79, 80, 81, 82, 86], "summary": {"covered_lines": 39, "num_statements": 39, "percent_covered": 100.0, "percent_covered_display": "100", "missing_lines": 0, "excluded_lines": 0, "percent_statements_covered": 100.0, "percent_statements_covered_display": "100"}, "missing_lines": [], "excluded_lines": [], "start_line": 23}, "RedisClient": {"executed_lines": [110, 111, 112, 113, 114, 115, 116, 117, 118, 122, 126, 127, 128, 129, 150, 158, 162, 169, 173, 174, 176, 177, 178, 192, 193, 195, 196, 197, 266], "summary": {"covered_lines": 29, "num_statements": 97, "percent_covered": 29.896907216494846, "percent_covered_display": "30", "missing_lines": 68, "excluded_lines": 0, "percent_statements_covered": 29.896907216494846, "percent_statements_covered_display": "30"}, "missing_lines": [131, 132, 139, 140, 141, 142, 143, 144, 145, 146, 151, 152, 153, 163, 164, 165, 166, 167, 168, 180, 181, 182, 183, 199, 200, 202, 203, 204, 205, 209, 210, 212, 213, 214, 216, 217, 218, 219, 223, 224, 226, 227, 228, 230, 231, 232, 233, 234, 235, 236, 240, 242, 243, 244, 246, 247, 248, 249, 250, 251, 252, 256, 257, 258, 259, 260, 261, 262], "excluded_lines": [], "start_line": 89}, "": {"executed_lines": [6, 8, 9, 10, 11, 13, 15, 16, 18, 19, 20, 23, 26, 31, 41, 49, 58, 69, 77, 84, 89, 99, 100, 102, 120, 124, 148, 155, 156, 160, 171, 185, 207, 221, 238, 254, 264, 275, 278, 281, 282, 283, 286], "summary": {"covered_lines": 43, "num_statements": 47, "percent_covered": 91.48936170212765, "percent_covered_display": "91", "missing_lines": 4, "excluded_lines": 0, "percent_statements_covered": 91.48936170212765, "percent_statements_covered_display": "91"}, "missing_lines": [17, 293, 294, 295], "excluded_lines": [], "start_line": 1}}}, "copilot_core/monitoring/__init__.py": {"executed_lines": [31, 38, 43, 50], "summary": {"covered_lines": 4, "num_statements": 4, "percent_covered": 100.0, "percent_covered_display": "100", "missing_lines": 0, "excluded_lines": 0, "percent_statements_covered": 100.0, "percent_statements_covered_display": "100"}, "missing_lines": [], "excluded_lines": [], "functions": {"": {"executed_lines": [31, 38, 43, 50], "summary": {"covered_lines": 4, "num_statements": 4, "percent_covered": 100.0, "percent_covered_display": "100", "missing_lines": 0, "excluded_lines": 0, "percent_statements_covered": 100.0, "percent_statements_covered_display": "100"}, "missing_lines": [], "excluded_lines": [], "start_line": 1}}, "classes": {"": {"executed_lines": [31, 38, 43, 50], "summary": {"covered_lines": 4, "num_statements": 4, "percent_covered": 100.0, "percent_covered_display": "100", "missing_lines": 0, "excluded_lines": 0, "percent_statements_covered": 100.0, "percent_statements_covered_display": "100"}, "missing_lines": [], "excluded_lines": [], "start_line": 1}}}, "copilot_core/monitoring/alerts.py": {"executed_lines": [31, 33, 34, 35, 36, 38, 45, 356, 363, 364, 365, 366, 367, 381, 388, 396, 397, 400, 401, 402, 403, 404, 405, 406, 407, 408, 410, 425, 433, 434, 435, 450, 503, 542, 566, 601, 660, 663, 666, 667, 668], "summary": {"covered_lines": 41, "num_statements": 99, "percent_covered": 41.41414141414141, "percent_covered_display": "41", "missing_lines": 58, "excluded_lines": 0, "percent_statements_covered": 41.41414141414141, "percent_statements_covered_display": "41"}, "missing_lines": [369, 378, 412, 457, 460, 461, 466, 467, 474, 475, 480, 481, 488, 489, 494, 495, 501, 510, 513, 514, 519, 520, 527, 528, 533, 534, 540, 547, 549, 550, 556, 557, 564, 577, 579, 580, 587, 588, 589, 590, 591, 592, 594, 595, 596, 597, 599, 626, 629, 632, 635, 640, 643, 644, 645, 646, 648, 650], "excluded_lines": [], "functions": {"get_alert_rules_yaml": {"executed_lines": [363, 364, 365, 366, 367], "summary": {"covered_lines": 5, "num_statements": 7, "percent_covered": 71.42857142857143, "percent_covered_display": "71", "missing_lines": 2, "excluded_lines": 0, "percent_statements_covered": 71.42857142857143, "percent_statements_covered_display": "71"}, "missing_lines": [369, 378], "excluded_lines": [], "start_line": 356}, "get_alert_rules_json": {"executed_lines": [388], "summary": {"covered_lines": 1, "num_statements": 1, "percent_covered": 100.0, "percent_covered_display": "100", "missing_lines": 0, "excluded_lines": 0, "percent_statements_covered": 100.0, "percent_statements_covered_display": "100"}, "missing_lines": [], "excluded_lines": [], "start_line": 381}, "AlertState.to_dict": {"executed_lines": [], "summary": {"covered_lines": 0, "num_statements": 1, "percent_covered": 0.0, "percent_covered_display": "0", "missing_lines": 1, "excluded_lines": 0, "percent_statements_covered": 0.0, "percent_statements_covered_display": "0"}, "missing_lines": [412], "excluded_lines": [], "start_line": 410}, "AlertEvaluator.__init__": {"executed_lines": [434, 435], "summary": {"covered_lines": 2, "num_statements": 2, "percent_covered": 100.0, "percent_covered_display": "100", "missing_lines": 0, "excluded_lines": 0, "percent_statements_covered": 100.0, "percent_statements_covered_display": "100"}, "missing_lines": [], "excluded_lines": [], "start_line": 433}, "AlertEvaluator.evaluate_system_metrics": {"executed_lines": [], "summary": {"covered_lines": 0, "num_statements": 14, "percent_covered": 0.0, "percent_covered_display": "0", "missing_lines": 14, "excluded_lines": 0, "percent_statements_covered": 0.0, "percent_statements_covered_display": "0"}, "missing_lines": [457, 460, 461, 466, 467, 474, 475, 480, 481, 488, 489, 494, 495, 501], "excluded_lines": [], "start_line": 450}, "AlertEvaluator.evaluate_http_metrics": {"executed_lines": [], "summary": {"covered_lines": 0, "num_statements": 10, "percent_covered": 0.0, "percent_covered_display": "0", "missing_lines": 10, "excluded_lines": 0, "percent_statements_covered": 0.0, "percent_statements_covered_display": "0"}, "missing_lines": [510, 513, 514, 519, 520, 527, 528, 533, 534, 540], "excluded_lines": [], "start_line": 503}, "AlertEvaluator.evaluate_cache_metrics": {"executed_lines": [], "summary": {"covered_lines": 0, "num_statements": 6, "percent_covered": 0.0, "percent_covered_display": "0", "missing_lines": 6, "excluded_lines": 0, "percent_statements_covered": 0.0, "percent_statements_covered_display": "0"}, "missing_lines": [547, 549, 550, 556, 557, 564], "excluded_lines": [], "start_line": 542}, "AlertEvaluator._create_alert": {"executed_lines": [], "summary": {"covered_lines": 0, "num_statements": 14, "percent_covered": 0.0, "percent_covered_display": "0", "missing_lines": 14, "excluded_lines": 0, "percent_statements_covered": 0.0, "percent_statements_covered_display": "0"}, "missing_lines": [577, 579, 580, 587, 588, 589, 590, 591, 592, 594, 595, 596, 597, 599], "excluded_lines": [], "start_line": 566}, "AlertEvaluator.evaluate_all": {"executed_lines": [], "summary": {"covered_lines": 0, "num_statements": 11, "percent_covered": 0.0, "percent_covered_display": "0", "missing_lines": 11, "excluded_lines": 0, "percent_statements_covered": 0.0, "percent_statements_covered_display": "0"}, "missing_lines": [626, 629, 632, 635, 640, 643, 644, 645, 646, 648, 650], "excluded_lines": [], "start_line": 601}, "get_alert_evaluator": {"executed_lines": [666, 667, 668], "summary": {"covered_lines": 3, "num_statements": 3, "percent_covered": 100.0, "percent_covered_display": "100", "missing_lines": 0, "excluded_lines": 0, "percent_statements_covered": 100.0, "percent_statements_covered_display": "100"}, "missing_lines": [], "excluded_lines": [], "start_line": 663}, "": {"executed_lines": [31, 33, 34, 35, 36, 38, 45, 356, 381, 396, 397, 400, 401, 402, 403, 404, 405, 406, 407, 408, 410, 425, 433, 450, 503, 542, 566, 601, 660, 663], "summary": {"covered_lines": 30, "num_statements": 30, "percent_covered": 100.0, "percent_covered_display": "100", "missing_lines": 0, "excluded_lines": 0, "percent_statements_covered": 100.0, "percent_statements_covered_display": "100"}, "missing_lines": [], "excluded_lines": [], "start_line": 1}}, "classes": {"AlertState": {"executed_lines": [], "summary": {"covered_lines": 0, "num_statements": 1, "percent_covered": 0.0, "percent_covered_display": "0", "missing_lines": 1, "excluded_lines": 0, "percent_statements_covered": 0.0, "percent_statements_covered_display": "0"}, "missing_lines": [412], "excluded_lines": [], "start_line": 397}, "AlertEvaluator": {"executed_lines": [434, 435], "summary": {"covered_lines": 2, "num_statements": 57, "percent_covered": 3.508771929824561, "percent_covered_display": "4", "missing_lines": 55, "excluded_lines": 0, "percent_statements_covered": 3.508771929824561, "percent_statements_covered_display": "4"}, "missing_lines": [457, 460, 461, 466, 467, 474, 475, 480, 481, 488, 489, 494, 495, 501, 510, 513, 514, 519, 520, 527, 528, 533, 534, 540, 547, 549, 550, 556, 557, 564, 577, 579, 580, 587, 588, 589, 590, 591, 592, 594, 595, 596, 597, 599, 626, 629, 632, 635, 640, 643, 644, 645, 646, 648, 650], "excluded_lines": [], "start_line": 425}, "": {"executed_lines": [31, 33, 34, 35, 36, 38, 45, 356, 363, 364, 365, 366, 367, 381, 388, 396, 397, 400, 401, 402, 403, 404, 405, 406, 407, 408, 410, 425, 433, 450, 503, 542, 566, 601, 660, 663, 666, 667, 668], "summary": {"covered_lines": 39, "num_statements": 41, "percent_covered": 95.1219512195122, "percent_covered_display": "95", "missing_lines": 2, "excluded_lines": 0, "percent_statements_covered": 95.1219512195122, "percent_statements_covered_display": "95"}, "missing_lines": [369, 378], "excluded_lines": [], "start_line": 1}}}, "copilot_core/monitoring/health.py": {"executed_lines": [18, 20, 21, 22, 23, 24, 25, 27, 28, 30, 33, 45, 59, 60, 61, 64, 73, 98, 108, 116, 125, 133, 142, 169, 196, 244, 270, 295, 321, 365, 425, 458, 461, 468, 469, 474], "summary": {"covered_lines": 36, "num_statements": 181, "percent_covered": 19.88950276243094, "percent_covered_display": "20", "missing_lines": 145, "excluded_lines": 0, "percent_statements_covered": 19.88950276243094, "percent_statements_covered_display": "20"}, "missing_lines": [127, 128, 129, 130, 131, 135, 136, 137, 138, 139, 140, 144, 150, 151, 152, 153, 154, 155, 156, 157, 159, 160, 161, 162, 163, 164, 165, 167, 173, 180, 181, 182, 183, 184, 185, 186, 187, 188, 189, 190, 191, 192, 194, 198, 199, 200, 203, 204, 206, 207, 208, 209, 210, 211, 212, 214, 215, 216, 217, 218, 219, 220, 222, 223, 224, 225, 226, 227, 228, 230, 246, 247, 249, 250, 251, 253, 254, 256, 262, 264, 272, 273, 275, 276, 277, 279, 280, 282, 287, 289, 297, 298, 300, 301, 303, 304, 306, 313, 315, 323, 324, 327, 328, 329, 334, 336, 338, 339, 340, 345, 346, 348, 349, 354, 355, 357, 359, 372, 375, 383, 386, 387, 388, 389, 390, 393, 401, 402, 403, 404, 405, 406, 408, 410, 412, 431, 433, 434, 436, 441, 442, 443, 444, 446, 448], "excluded_lines": [], "functions": {"HealthChecker.__init__": {"executed_lines": [59, 60, 61, 64, 73, 98, 108, 116], "summary": {"covered_lines": 8, "num_statements": 8, "percent_covered": 100.0, "percent_covered_display": "100", "missing_lines": 0, "excluded_lines": 0, "percent_statements_covered": 100.0, "percent_statements_covered_display": "100"}, "missing_lines": [], "excluded_lines": [], "start_line": 45}, "HealthChecker._check_library": {"executed_lines": [], "summary": {"covered_lines": 0, "num_statements": 5, "percent_covered": 0.0, "percent_covered_display": "0", "missing_lines": 5, "excluded_lines": 0, "percent_statements_covered": 0.0, "percent_statements_covered_display": "0"}, "missing_lines": [127, 128, 129, 130, 131], "excluded_lines": [], "start_line": 125}, "HealthChecker._check_module": {"executed_lines": [], "summary": {"covered_lines": 0, "num_statements": 6, "percent_covered": 0.0, "percent_covered_display": "0", "missing_lines": 6, "excluded_lines": 0, "percent_statements_covered": 0.0, "percent_statements_covered_display": "0"}, "missing_lines": [135, 136, 137, 138, 139, 140], "excluded_lines": [], "start_line": 133}, "HealthChecker._check_storage_path": {"executed_lines": [], "summary": {"covered_lines": 0, "num_statements": 17, "percent_covered": 0.0, "percent_covered_display": "0", "missing_lines": 17, "excluded_lines": 0, "percent_statements_covered": 0.0, "percent_statements_covered_display": "0"}, "missing_lines": [144, 150, 151, 152, 153, 154, 155, 156, 157, 159, 160, 161, 162, 163, 164, 165, 167], "excluded_lines": [], "start_line": 142}, "HealthChecker._check_service": {"executed_lines": [], "summary": {"covered_lines": 0, "num_statements": 15, "percent_covered": 0.0, "percent_covered_display": "0", "missing_lines": 15, "excluded_lines": 0, "percent_statements_covered": 0.0, "percent_statements_covered_display": "0"}, "missing_lines": [173, 180, 181, 182, 183, 184, 185, 186, 187, 188, 189, 190, 191, 192, 194], "excluded_lines": [], "start_line": 169}, "HealthChecker.get_system_health": {"executed_lines": [], "summary": {"covered_lines": 0, "num_statements": 27, "percent_covered": 0.0, "percent_covered_display": "0", "missing_lines": 27, "excluded_lines": 0, "percent_statements_covered": 0.0, "percent_statements_covered_display": "0"}, "missing_lines": [198, 199, 200, 203, 204, 206, 207, 208, 209, 210, 211, 212, 214, 215, 216, 217, 218, 219, 220, 222, 223, 224, 225, 226, 227, 228, 230], "excluded_lines": [], "start_line": 196}, "HealthChecker.get_dependency_health": {"executed_lines": [], "summary": {"covered_lines": 0, "num_statements": 10, "percent_covered": 0.0, "percent_covered_display": "0", "missing_lines": 10, "excluded_lines": 0, "percent_statements_covered": 0.0, "percent_statements_covered_display": "0"}, "missing_lines": [246, 247, 249, 250, 251, 253, 254, 256, 262, 264], "excluded_lines": [], "start_line": 244}, "HealthChecker.get_module_health": {"executed_lines": [], "summary": {"covered_lines": 0, "num_statements": 10, "percent_covered": 0.0, "percent_covered_display": "0", "missing_lines": 10, "excluded_lines": 0, "percent_statements_covered": 0.0, "percent_statements_covered_display": "0"}, "missing_lines": [272, 273, 275, 276, 277, 279, 280, 282, 287, 289], "excluded_lines": [], "start_line": 270}, "HealthChecker.get_storage_health": {"executed_lines": [], "summary": {"covered_lines": 0, "num_statements": 9, "percent_covered": 0.0, "percent_covered_display": "0", "missing_lines": 9, "excluded_lines": 0, "percent_statements_covered": 0.0, "percent_statements_covered_display": "0"}, "missing_lines": [297, 298, 300, 301, 303, 304, 306, 313, 315], "excluded_lines": [], "start_line": 295}, "HealthChecker.get_service_health": {"executed_lines": [], "summary": {"covered_lines": 0, "num_statements": 18, "percent_covered": 0.0, "percent_covered_display": "0", "missing_lines": 18, "excluded_lines": 0, "percent_statements_covered": 0.0, "percent_statements_covered_display": "0"}, "missing_lines": [323, 324, 327, 328, 329, 334, 336, 338, 339, 340, 345, 346, 348, 349, 354, 355, 357, 359], "excluded_lines": [], "start_line": 321}, "HealthChecker.full_health_check": {"executed_lines": [], "summary": {"covered_lines": 0, "num_statements": 18, "percent_covered": 0.0, "percent_covered_display": "0", "missing_lines": 18, "excluded_lines": 0, "percent_statements_covered": 0.0, "percent_statements_covered_display": "0"}, "missing_lines": [372, 375, 383, 386, 387, 388, 389, 390, 393, 401, 402, 403, 404, 405, 406, 408, 410, 412], "excluded_lines": [], "start_line": 365}, "HealthChecker.get_quick_health": {"executed_lines": [], "summary": {"covered_lines": 0, "num_statements": 10, "percent_covered": 0.0, "percent_covered_display": "0", "missing_lines": 10, "excluded_lines": 0, "percent_statements_covered": 0.0, "percent_statements_covered_display": "0"}, "missing_lines": [431, 433, 434, 436, 441, 442, 443, 444, 446, 448], "excluded_lines": [], "start_line": 425}, "get_health_checker": {"executed_lines": [468, 469, 474], "summary": {"covered_lines": 3, "num_statements": 3, "percent_covered": 100.0, "percent_covered_display": "100", "missing_lines": 0, "excluded_lines": 0, "percent_statements_covered": 100.0, "percent_statements_covered_display": "100"}, "missing_lines": [], "excluded_lines": [], "start_line": 461}, "": {"executed_lines": [18, 20, 21, 22, 23, 24, 25, 27, 28, 30, 33, 45, 125, 133, 142, 169, 196, 244, 270, 295, 321, 365, 425, 458, 461], "summary": {"covered_lines": 25, "num_statements": 25, "percent_covered": 100.0, "percent_covered_display": "100", "missing_lines": 0, "excluded_lines": 0, "percent_statements_covered": 100.0, "percent_statements_covered_display": "100"}, "missing_lines": [], "excluded_lines": [], "start_line": 1}}, "classes": {"HealthChecker": {"executed_lines": [59, 60, 61, 64, 73, 98, 108, 116], "summary": {"covered_lines": 8, "num_statements": 153, "percent_covered": 5.228758169934641, "percent_covered_display": "5", "missing_lines": 145, "excluded_lines": 0, "percent_statements_covered": 5.228758169934641, "percent_statements_covered_display": "5"}, "missing_lines": [127, 128, 129, 130, 131, 135, 136, 137, 138, 139, 140, 144, 150, 151, 152, 153, 154, 155, 156, 157, 159, 160, 161, 162, 163, 164, 165, 167, 173, 180, 181, 182, 183, 184, 185, 186, 187, 188, 189, 190, 191, 192, 194, 198, 199, 200, 203, 204, 206, 207, 208, 209, 210, 211, 212, 214, 215, 216, 217, 218, 219, 220, 222, 223, 224, 225, 226, 227, 228, 230, 246, 247, 249, 250, 251, 253, 254, 256, 262, 264, 272, 273, 275, 276, 277, 279, 280, 282, 287, 289, 297, 298, 300, 301, 303, 304, 306, 313, 315, 323, 324, 327, 328, 329, 334, 336, 338, 339, 340, 345, 346, 348, 349, 354, 355, 357, 359, 372, 375, 383, 386, 387, 388, 389, 390, 393, 401, 402, 403, 404, 405, 406, 408, 410, 412, 431, 433, 434, 436, 441, 442, 443, 444, 446, 448], "excluded_lines": [], "start_line": 33}, "": {"executed_lines": [18, 20, 21, 22, 23, 24, 25, 27, 28, 30, 33, 45, 125, 133, 142, 169, 196, 244, 270, 295, 321, 365, 425, 458, 461, 468, 469, 474], "summary": {"covered_lines": 28, "num_statements": 28, "percent_covered": 100.0, "percent_covered_display": "100", "missing_lines": 0, "excluded_lines": 0, "percent_statements_covered": 100.0, "percent_statements_covered_display": "100"}, "missing_lines": [], "excluded_lines": [], "start_line": 1}}}, "copilot_core/monitoring/metrics.py": {"executed_lines": [27, 29, 30, 31, 32, 33, 34, 36, 46, 51, 58, 64, 71, 78, 83, 88, 93, 99, 105, 111, 117, 124, 130, 136, 142, 150, 156, 162, 170, 176, 182, 188, 196, 204, 206, 207, 208, 209, 212, 213, 219, 220, 226, 232, 237, 243, 248, 253, 258, 279, 291, 295, 314, 319, 323, 327, 332, 334, 335, 336, 337, 339, 340, 342, 349, 350, 353, 395, 398, 401, 402, 403, 406, 408], "summary": {"covered_lines": 74, "num_statements": 148, "percent_covered": 50.0, "percent_covered_display": "50", "missing_lines": 74, "excluded_lines": 2, "percent_statements_covered": 50.0, "percent_statements_covered_display": "50"}, "missing_lines": [222, 223, 224, 228, 229, 230, 234, 235, 239, 240, 241, 245, 246, 250, 251, 255, 256, 261, 262, 263, 264, 265, 266, 267, 269, 270, 271, 272, 273, 275, 276, 277, 287, 288, 289, 293, 305, 306, 307, 309, 310, 311, 312, 316, 317, 321, 325, 329, 330, 362, 363, 364, 365, 366, 369, 370, 371, 372, 373, 374, 376, 377, 378, 379, 380, 381, 382, 383, 384, 385, 387, 388, 389, 391], "excluded_lines": [1, 354], "functions": {"PrometheusMetrics.__init__": {"executed_lines": [207, 208, 209, 212, 213], "summary": {"covered_lines": 5, "num_statements": 5, "percent_covered": 100.0, "percent_covered_display": "100", "missing_lines": 0, "excluded_lines": 0, "percent_statements_covered": 100.0, "percent_statements_covered_display": "100"}, "missing_lines": [], "excluded_lines": [], "start_line": 206}, "PrometheusMetrics.get_instance": {"executed_lines": [], "summary": {"covered_lines": 0, "num_statements": 3, "percent_covered": 0.0, "percent_covered_display": "0", "missing_lines": 3, "excluded_lines": 0, "percent_statements_covered": 0.0, "percent_statements_covered_display": "0"}, "missing_lines": [222, 223, 224], "excluded_lines": [], "start_line": 220}, "PrometheusMetrics.record_request": {"executed_lines": [], "summary": {"covered_lines": 0, "num_statements": 3, "percent_covered": 0.0, "percent_covered_display": "0", "missing_lines": 3, "excluded_lines": 0, "percent_statements_covered": 0.0, "percent_statements_covered_display": "0"}, "missing_lines": [228, 229, 230], "excluded_lines": [], "start_line": 226}, "PrometheusMetrics.start_request": {"executed_lines": [], "summary": {"covered_lines": 0, "num_statements": 2, "percent_covered": 0.0, "percent_covered_display": "0", "missing_lines": 2, "excluded_lines": 0, "percent_statements_covered": 0.0, "percent_statements_covered_display": "0"}, "missing_lines": [234, 235], "excluded_lines": [], "start_line": 232}, "PrometheusMetrics.end_request": {"executed_lines": [], "summary": {"covered_lines": 0, "num_statements": 3, "percent_covered": 0.0, "percent_covered_display": "0", "missing_lines": 3, "excluded_lines": 0, "percent_statements_covered": 0.0, "percent_statements_covered_display": "0"}, "missing_lines": [239, 240, 241], "excluded_lines": [], "start_line": 237}, "PrometheusMetrics.record_cache_hit": {"executed_lines": [], "summary": {"covered_lines": 0, "num_statements": 2, "percent_covered": 0.0, "percent_covered_display": "0", "missing_lines": 2, "excluded_lines": 0, "percent_statements_covered": 0.0, "percent_statements_covered_display": "0"}, "missing_lines": [245, 246], "excluded_lines": [], "start_line": 243}, "PrometheusMetrics.record_cache_miss": {"executed_lines": [], "summary": {"covered_lines": 0, "num_statements": 2, "percent_covered": 0.0, "percent_covered_display": "0", "missing_lines": 2, "excluded_lines": 0, "percent_statements_covered": 0.0, "percent_statements_covered_display": "0"}, "missing_lines": [250, 251], "excluded_lines": [], "start_line": 248}, "PrometheusMetrics.set_cache_size": {"executed_lines": [], "summary": {"covered_lines": 0, "num_statements": 2, "percent_covered": 0.0, "percent_covered_display": "0", "missing_lines": 2, "excluded_lines": 0, "percent_statements_covered": 0.0, "percent_statements_covered_display": "0"}, "missing_lines": [255, 256], "excluded_lines": [], "start_line": 253}, "PrometheusMetrics._update_cache_ratio": {"executed_lines": [], "summary": {"covered_lines": 0, "num_statements": 15, "percent_covered": 0.0, "percent_covered_display": "0", "missing_lines": 15, "excluded_lines": 0, "percent_statements_covered": 0.0, "percent_statements_covered_display": "0"}, "missing_lines": [261, 262, 263, 264, 265, 266, 267, 269, 270, 271, 272, 273, 275, 276, 277], "excluded_lines": [], "start_line": 258}, "PrometheusMetrics.set_connection_pool_metrics": {"executed_lines": [], "summary": {"covered_lines": 0, "num_statements": 3, "percent_covered": 0.0, "percent_covered_display": "0", "missing_lines": 3, "excluded_lines": 0, "percent_statements_covered": 0.0, "percent_statements_covered_display": "0"}, "missing_lines": [287, 288, 289], "excluded_lines": [], "start_line": 279}, "PrometheusMetrics.record_connection_wait": {"executed_lines": [], "summary": {"covered_lines": 0, "num_statements": 1, "percent_covered": 0.0, "percent_covered_display": "0", "missing_lines": 1, "excluded_lines": 0, "percent_statements_covered": 0.0, "percent_statements_covered_display": "0"}, "missing_lines": [293], "excluded_lines": [], "start_line": 291}, "PrometheusMetrics.record_llm_request": {"executed_lines": [], "summary": {"covered_lines": 0, "num_statements": 7, "percent_covered": 0.0, "percent_covered_display": "0", "missing_lines": 7, "excluded_lines": 0, "percent_statements_covered": 0.0, "percent_statements_covered_display": "0"}, "missing_lines": [305, 306, 307, 309, 310, 311, 312], "excluded_lines": [], "start_line": 295}, "PrometheusMetrics.record_ha_request": {"executed_lines": [], "summary": {"covered_lines": 0, "num_statements": 2, "percent_covered": 0.0, "percent_covered_display": "0", "missing_lines": 2, "excluded_lines": 0, "percent_statements_covered": 0.0, "percent_statements_covered_display": "0"}, "missing_lines": [316, 317], "excluded_lines": [], "start_line": 314}, "PrometheusMetrics.set_ha_websocket_connections": {"executed_lines": [], "summary": {"covered_lines": 0, "num_statements": 1, "percent_covered": 0.0, "percent_covered_display": "0", "missing_lines": 1, "excluded_lines": 0, "percent_statements_covered": 0.0, "percent_statements_covered_display": "0"}, "missing_lines": [321], "excluded_lines": [], "start_line": 319}, "PrometheusMetrics.start_background_task": {"executed_lines": [], "summary": {"covered_lines": 0, "num_statements": 1, "percent_covered": 0.0, "percent_covered_display": "0", "missing_lines": 1, "excluded_lines": 0, "percent_statements_covered": 0.0, "percent_statements_covered_display": "0"}, "missing_lines": [325], "excluded_lines": [], "start_line": 323}, "PrometheusMetrics.end_background_task": {"executed_lines": [], "summary": {"covered_lines": 0, "num_statements": 2, "percent_covered": 0.0, "percent_covered_display": "0", "missing_lines": 2, "excluded_lines": 0, "percent_statements_covered": 0.0, "percent_statements_covered_display": "0"}, "missing_lines": [329, 330], "excluded_lines": [], "start_line": 327}, "PrometheusMetrics.update_system_metrics": {"executed_lines": [334, 335, 336, 337, 339, 340], "summary": {"covered_lines": 6, "num_statements": 6, "percent_covered": 100.0, "percent_covered_display": "100", "missing_lines": 0, "excluded_lines": 0, "percent_statements_covered": 100.0, "percent_statements_covered_display": "100"}, "missing_lines": [], "excluded_lines": [], "start_line": 332}, "PrometheusMetrics.get_metrics": {"executed_lines": [349, 350], "summary": {"covered_lines": 2, "num_statements": 2, "percent_covered": 100.0, "percent_covered_display": "100", "missing_lines": 0, "excluded_lines": 0, "percent_statements_covered": 100.0, "percent_statements_covered_display": "100"}, "missing_lines": [], "excluded_lines": [], "start_line": 342}, "track_request_latency": {"executed_lines": [], "summary": {"covered_lines": 0, "num_statements": 3, "percent_covered": 0.0, "percent_covered_display": "0", "missing_lines": 3, "excluded_lines": 1, "percent_statements_covered": 0.0, "percent_statements_covered_display": "0"}, "missing_lines": [362, 363, 391], "excluded_lines": [354], "start_line": 353}, "track_request_latency.wrapper": {"executed_lines": [], "summary": {"covered_lines": 0, "num_statements": 22, "percent_covered": 0.0, "percent_covered_display": "0", "missing_lines": 22, "excluded_lines": 0, "percent_statements_covered": 0.0, "percent_statements_covered_display": "0"}, "missing_lines": [364, 365, 366, 369, 370, 371, 372, 373, 374, 376, 377, 378, 379, 380, 381, 382, 383, 384, 385, 387, 388, 389], "excluded_lines": [], "start_line": 363}, "get_metrics_collector": {"executed_lines": [401, 402, 403], "summary": {"covered_lines": 3, "num_statements": 3, "percent_covered": 100.0, "percent_covered_display": "100", "missing_lines": 0, "excluded_lines": 0, "percent_statements_covered": 100.0, "percent_statements_covered_display": "100"}, "missing_lines": [], "excluded_lines": [], "start_line": 398}, "get_prometheus_metrics": {"executed_lines": [408], "summary": {"covered_lines": 1, "num_statements": 1, "percent_covered": 100.0, "percent_covered_display": "100", "missing_lines": 0, "excluded_lines": 0, "percent_statements_covered": 100.0, "percent_statements_covered_display": "100"}, "missing_lines": [], "excluded_lines": [], "start_line": 406}, "": {"executed_lines": [27, 29, 30, 31, 32, 33, 34, 36, 46, 51, 58, 64, 71, 78, 83, 88, 93, 99, 105, 111, 117, 124, 130, 136, 142, 150, 156, 162, 170, 176, 182, 188, 196, 204, 206, 219, 220, 226, 232, 237, 243, 248, 253, 258, 279, 291, 295, 314, 319, 323, 327, 332, 342, 353, 395, 398, 406], "summary": {"covered_lines": 57, "num_statements": 57, "percent_covered": 100.0, "percent_covered_display": "100", "missing_lines": 0, "excluded_lines": 1, "percent_statements_covered": 100.0, "percent_statements_covered_display": "100"}, "missing_lines": [], "excluded_lines": [1], "start_line": 1}}, "classes": {"PrometheusMetrics": {"executed_lines": [207, 208, 209, 212, 213, 334, 335, 336, 337, 339, 340, 349, 350], "summary": {"covered_lines": 13, "num_statements": 62, "percent_covered": 20.967741935483872, "percent_covered_display": "21", "missing_lines": 49, "excluded_lines": 0, "percent_statements_covered": 20.967741935483872, "percent_statements_covered_display": "21"}, "missing_lines": [222, 223, 224, 228, 229, 230, 234, 235, 239, 240, 241, 245, 246, 250, 251, 255, 256, 261, 262, 263, 264, 265, 266, 267, 269, 270, 271, 272, 273, 275, 276, 277, 287, 288, 289, 293, 305, 306, 307, 309, 310, 311, 312, 316, 317, 321, 325, 329, 330], "excluded_lines": [], "start_line": 196}, "": {"executed_lines": [27, 29, 30, 31, 32, 33, 34, 36, 46, 51, 58, 64, 71, 78, 83, 88, 93, 99, 105, 111, 117, 124, 130, 136, 142, 150, 156, 162, 170, 176, 182, 188, 196, 204, 206, 219, 220, 226, 232, 237, 243, 248, 253, 258, 279, 291, 295, 314, 319, 323, 327, 332, 342, 353, 395, 398, 401, 402, 403, 406, 408], "summary": {"covered_lines": 61, "num_statements": 86, "percent_covered": 70.93023255813954, "percent_covered_display": "71", "missing_lines": 25, "excluded_lines": 2, "percent_statements_covered": 70.93023255813954, "percent_statements_covered_display": "71"}, "missing_lines": [362, 363, 364, 365, 366, 369, 370, 371, 372, 373, 374, 376, 377, 378, 379, 380, 381, 382, 383, 384, 385, 387, 388, 389, 391], "excluded_lines": [1, 354], "start_line": 1}}}, "copilot_core/monitoring/tests/__init__.py": {"executed_lines": [], "summary": {"covered_lines": 0, "num_statements": 0, "percent_covered": 100.0, "percent_covered_display": "100", "missing_lines": 0, "excluded_lines": 0, "percent_statements_covered": 100.0, "percent_statements_covered_display": "100"}, "missing_lines": [], "excluded_lines": [], "functions": {"": {"executed_lines": [], "summary": {"covered_lines": 0, "num_statements": 0, "percent_covered": 100.0, "percent_covered_display": "100", "missing_lines": 0, "excluded_lines": 0, "percent_statements_covered": 100.0, "percent_statements_covered_display": "100"}, "missing_lines": [], "excluded_lines": [], "start_line": 1}}, "classes": {"": {"executed_lines": [], "summary": {"covered_lines": 0, "num_statements": 0, "percent_covered": 100.0, "percent_covered_display": "100", "missing_lines": 0, "excluded_lines": 0, "percent_statements_covered": 100.0, "percent_statements_covered_display": "100"}, "missing_lines": [], "excluded_lines": [], "start_line": 1}}}, "copilot_core/monitoring/tests/test_alerts.py": {"executed_lines": [2, 3, 6, 9, 10, 12, 14, 15, 17, 18, 20, 22, 23, 24, 26, 27, 29, 31, 33, 36, 39, 41, 43, 45, 47, 49, 51, 53, 54, 55, 56], "summary": {"covered_lines": 31, "num_statements": 31, "percent_covered": 100.0, "percent_covered_display": "100", "missing_lines": 0, "excluded_lines": 0, "percent_statements_covered": 100.0, "percent_statements_covered_display": "100"}, "missing_lines": [], "excluded_lines": [], "functions": {"TestAlertEvaluator.test_alert_evaluator_init": {"executed_lines": [12, 14, 15], "summary": {"covered_lines": 3, "num_statements": 3, "percent_covered": 100.0, "percent_covered_display": "100", "missing_lines": 0, "excluded_lines": 0, "percent_statements_covered": 100.0, "percent_statements_covered_display": "100"}, "missing_lines": [], "excluded_lines": [], "start_line": 10}, "TestAlertEvaluator.test_get_alert_evaluator_singleton": {"executed_lines": [20, 22, 23, 24], "summary": {"covered_lines": 4, "num_statements": 4, "percent_covered": 100.0, "percent_covered_display": "100", "missing_lines": 0, "excluded_lines": 0, "percent_statements_covered": 100.0, "percent_statements_covered_display": "100"}, "missing_lines": [], "excluded_lines": [], "start_line": 18}, "TestAlertEvaluator.test_evaluate_all_basic": {"executed_lines": [29, 31, 33], "summary": {"covered_lines": 3, "num_statements": 3, "percent_covered": 100.0, "percent_covered_display": "100", "missing_lines": 0, "excluded_lines": 0, "percent_statements_covered": 100.0, "percent_statements_covered_display": "100"}, "missing_lines": [], "excluded_lines": [], "start_line": 27}, "TestAlertRules.test_get_alert_rules_yaml": {"executed_lines": [41, 43, 45], "summary": {"covered_lines": 3, "num_statements": 3, "percent_covered": 100.0, "percent_covered_display": "100", "missing_lines": 0, "excluded_lines": 0, "percent_statements_covered": 100.0, "percent_statements_covered_display": "100"}, "missing_lines": [], "excluded_lines": [], "start_line": 39}, "TestAlertRules.test_get_alert_rules_json": {"executed_lines": [49, 51, 53, 54, 55, 56], "summary": {"covered_lines": 6, "num_statements": 6, "percent_covered": 100.0, "percent_covered_display": "100", "missing_lines": 0, "excluded_lines": 0, "percent_statements_covered": 100.0, "percent_statements_covered_display": "100"}, "missing_lines": [], "excluded_lines": [], "start_line": 47}, "": {"executed_lines": [2, 3, 6, 9, 10, 17, 18, 26, 27, 36, 39, 47], "summary": {"covered_lines": 12, "num_statements": 12, "percent_covered": 100.0, "percent_covered_display": "100", "missing_lines": 0, "excluded_lines": 0, "percent_statements_covered": 100.0, "percent_statements_covered_display": "100"}, "missing_lines": [], "excluded_lines": [], "start_line": 1}}, "classes": {"TestAlertEvaluator": {"executed_lines": [12, 14, 15, 20, 22, 23, 24, 29, 31, 33], "summary": {"covered_lines": 10, "num_statements": 10, "percent_covered": 100.0, "percent_covered_display": "100", "missing_lines": 0, "excluded_lines": 0, "percent_statements_covered": 100.0, "percent_statements_covered_display": "100"}, "missing_lines": [], "excluded_lines": [], "start_line": 6}, "TestAlertRules": {"executed_lines": [41, 43, 45, 49, 51, 53, 54, 55, 56], "summary": {"covered_lines": 9, "num_statements": 9, "percent_covered": 100.0, "percent_covered_display": "100", "missing_lines": 0, "excluded_lines": 0, "percent_statements_covered": 100.0, "percent_statements_covered_display": "100"}, "missing_lines": [], "excluded_lines": [], "start_line": 36}, "": {"executed_lines": [2, 3, 6, 9, 10, 17, 18, 26, 27, 36, 39, 47], "summary": {"covered_lines": 12, "num_statements": 12, "percent_covered": 100.0, "percent_covered_display": "100", "missing_lines": 0, "excluded_lines": 0, "percent_statements_covered": 100.0, "percent_statements_covered_display": "100"}, "missing_lines": [], "excluded_lines": [], "start_line": 1}}}, "copilot_core/monitoring/tests/test_health.py": {"executed_lines": [2, 3, 6, 9, 10, 12, 14, 15, 17, 18, 20, 22, 23, 24, 26, 27, 29, 31, 33, 36, 39, 42, 43], "summary": {"covered_lines": 23, "num_statements": 23, "percent_covered": 100.0, "percent_covered_display": "100", "missing_lines": 0, "excluded_lines": 0, "percent_statements_covered": 100.0, "percent_statements_covered_display": "100"}, "missing_lines": [], "excluded_lines": [], "functions": {"TestHealthChecker.test_health_checker_init": {"executed_lines": [12, 14, 15], "summary": {"covered_lines": 3, "num_statements": 3, "percent_covered": 100.0, "percent_covered_display": "100", "missing_lines": 0, "excluded_lines": 0, "percent_statements_covered": 100.0, "percent_statements_covered_display": "100"}, "missing_lines": [], "excluded_lines": [], "start_line": 10}, "TestHealthChecker.test_get_health_checker_singleton": {"executed_lines": [20, 22, 23, 24], "summary": {"covered_lines": 4, "num_statements": 4, "percent_covered": 100.0, "percent_covered_display": "100", "missing_lines": 0, "excluded_lines": 0, "percent_statements_covered": 100.0, "percent_statements_covered_display": "100"}, "missing_lines": [], "excluded_lines": [], "start_line": 18}, "TestHealthChecker.test_basic_health_check": {"executed_lines": [29, 31, 33], "summary": {"covered_lines": 3, "num_statements": 3, "percent_covered": 100.0, "percent_covered_display": "100", "missing_lines": 0, "excluded_lines": 0, "percent_statements_covered": 100.0, "percent_statements_covered_display": "100"}, "missing_lines": [], "excluded_lines": [], "start_line": 27}, "TestHealthStatus.test_health_status_import": {"executed_lines": [42, 43], "summary": {"covered_lines": 2, "num_statements": 2, "percent_covered": 100.0, "percent_covered_display": "100", "missing_lines": 0, "excluded_lines": 0, "percent_statements_covered": 100.0, "percent_statements_covered_display": "100"}, "missing_lines": [], "excluded_lines": [], "start_line": 39}, "": {"executed_lines": [2, 3, 6, 9, 10, 17, 18, 26, 27, 36, 39], "summary": {"covered_lines": 11, "num_statements": 11, "percent_covered": 100.0, "percent_covered_display": "100", "missing_lines": 0, "excluded_lines": 0, "percent_statements_covered": 100.0, "percent_statements_covered_display": "100"}, "missing_lines": [], "excluded_lines": [], "start_line": 1}}, "classes": {"TestHealthChecker": {"executed_lines": [12, 14, 15, 20, 22, 23, 24, 29, 31, 33], "summary": {"covered_lines": 10, "num_statements": 10, "percent_covered": 100.0, "percent_covered_display": "100", "missing_lines": 0, "excluded_lines": 0, "percent_statements_covered": 100.0, "percent_statements_covered_display": "100"}, "missing_lines": [], "excluded_lines": [], "start_line": 6}, "TestHealthStatus": {"executed_lines": [42, 43], "summary": {"covered_lines": 2, "num_statements": 2, "percent_covered": 100.0, "percent_covered_display": "100", "missing_lines": 0, "excluded_lines": 0, "percent_statements_covered": 100.0, "percent_statements_covered_display": "100"}, "missing_lines": [], "excluded_lines": [], "start_line": 36}, "": {"executed_lines": [2, 3, 6, 9, 10, 17, 18, 26, 27, 36, 39], "summary": {"covered_lines": 11, "num_statements": 11, "percent_covered": 100.0, "percent_covered_display": "100", "missing_lines": 0, "excluded_lines": 0, "percent_statements_covered": 100.0, "percent_statements_covered_display": "100"}, "missing_lines": [], "excluded_lines": [], "start_line": 1}}}, "copilot_core/monitoring/tests/test_metrics.py": {"executed_lines": [2, 5, 8, 11, 12, 13, 14, 18, 20, 21, 23, 24, 25, 30, 33, 35, 36, 37, 42, 45, 47, 48, 50, 51], "summary": {"covered_lines": 24, "num_statements": 32, "percent_covered": 75.0, "percent_covered_display": "75", "missing_lines": 8, "excluded_lines": 0, "percent_statements_covered": 75.0, "percent_statements_covered_display": "75"}, "missing_lines": [15, 16, 26, 27, 38, 39, 52, 53], "excluded_lines": [], "functions": {"TestPrometheusMetrics.test_metrics_collector_init": {"executed_lines": [11, 12, 13, 14], "summary": {"covered_lines": 4, "num_statements": 6, "percent_covered": 66.66666666666667, "percent_covered_display": "67", "missing_lines": 2, "excluded_lines": 0, "percent_statements_covered": 66.66666666666667, "percent_statements_covered_display": "67"}, "missing_lines": [15, 16], "excluded_lines": [], "start_line": 8}, "TestPrometheusMetrics.test_get_metrics_collector_singleton": {"executed_lines": [20, 21, 23, 24, 25], "summary": {"covered_lines": 5, "num_statements": 7, "percent_covered": 71.42857142857143, "percent_covered_display": "71", "missing_lines": 2, "excluded_lines": 0, "percent_statements_covered": 71.42857142857143, "percent_statements_covered_display": "71"}, "missing_lines": [26, 27], "excluded_lines": [], "start_line": 18}, "TestTrackRequestLatency.test_decorator_exists": {"executed_lines": [35, 36, 37], "summary": {"covered_lines": 3, "num_statements": 5, "percent_covered": 60.0, "percent_covered_display": "60", "missing_lines": 2, "excluded_lines": 0, "percent_statements_covered": 60.0, "percent_statements_covered_display": "60"}, "missing_lines": [38, 39], "excluded_lines": [], "start_line": 33}, "TestGetPrometheusMetrics.test_get_prometheus_metrics": {"executed_lines": [47, 48, 50, 51], "summary": {"covered_lines": 4, "num_statements": 6, "percent_covered": 66.66666666666667, "percent_covered_display": "67", "missing_lines": 2, "excluded_lines": 0, "percent_statements_covered": 66.66666666666667, "percent_statements_covered_display": "67"}, "missing_lines": [52, 53], "excluded_lines": [], "start_line": 45}, "": {"executed_lines": [2, 5, 8, 18, 30, 33, 42, 45], "summary": {"covered_lines": 8, "num_statements": 8, "percent_covered": 100.0, "percent_covered_display": "100", "missing_lines": 0, "excluded_lines": 0, "percent_statements_covered": 100.0, "percent_statements_covered_display": "100"}, "missing_lines": [], "excluded_lines": [], "start_line": 1}}, "classes": {"TestPrometheusMetrics": {"executed_lines": [11, 12, 13, 14, 20, 21, 23, 24, 25], "summary": {"covered_lines": 9, "num_statements": 13, "percent_covered": 69.23076923076923, "percent_covered_display": "69", "missing_lines": 4, "excluded_lines": 0, "percent_statements_covered": 69.23076923076923, "percent_statements_covered_display": "69"}, "missing_lines": [15, 16, 26, 27], "excluded_lines": [], "start_line": 5}, "TestTrackRequestLatency": {"executed_lines": [35, 36, 37], "summary": {"covered_lines": 3, "num_statements": 5, "percent_covered": 60.0, "percent_covered_display": "60", "missing_lines": 2, "excluded_lines": 0, "percent_statements_covered": 60.0, "percent_statements_covered_display": "60"}, "missing_lines": [38, 39], "excluded_lines": [], "start_line": 30}, "TestGetPrometheusMetrics": {"executed_lines": [47, 48, 50, 51], "summary": {"covered_lines": 4, "num_statements": 6, "percent_covered": 66.66666666666667, "percent_covered_display": "67", "missing_lines": 2, "excluded_lines": 0, "percent_statements_covered": 66.66666666666667, "percent_statements_covered_display": "67"}, "missing_lines": [52, 53], "excluded_lines": [], "start_line": 42}, "": {"executed_lines": [2, 5, 8, 18, 30, 33, 42, 45], "summary": {"covered_lines": 8, "num_statements": 8, "percent_covered": 100.0, "percent_covered_display": "100", "missing_lines": 0, "excluded_lines": 0, "percent_statements_covered": 100.0, "percent_statements_covered_display": "100"}, "missing_lines": [], "excluded_lines": [], "start_line": 1}}}, "copilot_core/security/__init__.py": {"executed_lines": [23, 24, 25, 26, 28, 29, 30, 31, 32, 34, 35, 38, 39, 45, 46, 49, 50, 57, 58, 61, 62, 66, 67, 70, 71, 85, 86, 88], "summary": {"covered_lines": 28, "num_statements": 29, "percent_covered": 96.55172413793103, "percent_covered_display": "97", "missing_lines": 1, "excluded_lines": 0, "percent_statements_covered": 96.55172413793103, "percent_statements_covered_display": "97"}, "missing_lines": [84], "excluded_lines": [], "functions": {"": {"executed_lines": [23, 24, 25, 26, 28, 29, 30, 31, 32, 34, 35, 38, 39, 45, 46, 49, 50, 57, 58, 61, 62, 66, 67, 70, 71, 85, 86, 88], "summary": {"covered_lines": 28, "num_statements": 29, "percent_covered": 96.55172413793103, "percent_covered_display": "97", "missing_lines": 1, "excluded_lines": 0, "percent_statements_covered": 96.55172413793103, "percent_statements_covered_display": "97"}, "missing_lines": [84], "excluded_lines": [], "start_line": 1}}, "classes": {"": {"executed_lines": [23, 24, 25, 26, 28, 29, 30, 31, 32, 34, 35, 38, 39, 45, 46, 49, 50, 57, 58, 61, 62, 66, 67, 70, 71, 85, 86, 88], "summary": {"covered_lines": 28, "num_statements": 29, "percent_covered": 96.55172413793103, "percent_covered_display": "97", "missing_lines": 1, "excluded_lines": 0, "percent_statements_covered": 96.55172413793103, "percent_statements_covered_display": "97"}, "missing_lines": [84], "excluded_lines": [], "start_line": 1}}}}, "totals": {"covered_lines": 500, "num_statements": 899, "percent_covered": 55.61735261401557, "percent_covered_display": "56", "missing_lines": 399, "excluded_lines": 3, "percent_statements_covered": 55.61735261401557, "percent_statements_covered_display": "56"}}